<?xml version="1.0" encoding="UTF-8"?>
<testsuite name="io.temporal.internal.common.InternalUtilsTest" tests="2" skipped="0" failures="0" errors="0" timestamp="2020-09-19T17:08:27" hostname="maxpro.local" time="0.278">
  <properties/>
  <testcase name="testConvertMapToSearchAttributesException" classname="io.temporal.internal.common.InternalUtilsTest" time="0.186"/>
  <testcase name="testConvertMapToSearchAttributes" classname="io.temporal.internal.common.InternalUtilsTest" time="0.092"/>
  <system-out><![CDATA[]]></system-out>
  <system-err><![CDATA[]]></system-err>
</testsuite>
